<?xml version="1.0" encoding="UTF-8"?>
<testsuite xmlns:xsi="http://www.w3.org/2001/XMLSchema-instance" xsi:noNamespaceSchemaLocation="https://maven.apache.org/surefire/maven-surefire-plugin/xsd/surefire-test-report.xsd" version="3.0.2" name="TestSuite" time="44.873" tests="2" errors="0" skipped="0" failures="0">
  <properties>
[...]
</properties>
  <testcase name="successful_user_registration" classname="testCases.TC001_User_Registration_Test" time="12.53">
    <system-out><![CDATA[🚀 Test Suite Started: Test<br>
2025-03-18 16:11:13 [main] INFO  io.github.bonigarcia.wdm.WebDriverManager - Using chromedriver 134.0.6998.88 (resolved driver for Chrome 134)
2025-03-18 16:11:13 [main] INFO  io.github.bonigarcia.wdm.WebDriverManager - Exporting webdriver.chrome.driver as C:\Users\Wisdom.Erhabho\.cache\selenium\chromedriver\win64\134.0.6998.88\chromedriver.exe
🟢 Test Started: successful_user_registration<br>
2025-03-18 16:11:26 [main] INFO  testCases.TC001_User_Registration_Test - ****Starting Test : TC001_User_Registration****
2025-03-18 16:11:27 [main] INFO  testCases.TC001_User_Registration_Test - 🔹 Clicked on MyAccount link
2025-03-18 16:11:34 [main] INFO  testCases.TC001_User_Registration_Test - 🔹 Clicked on Register link
2025-03-18 16:11:34 [main] INFO  testCases.TC001_User_Registration_Test - 🔹 Providing customer details...
2025-03-18 16:11:39 [main] INFO  testCases.TC001_User_Registration_Test - 🔹 Validating successful login...
Confirmation Message: Your Account Has Been Created!
2025-03-18 16:11:39 [main] INFO  testCases.TC001_User_Registration_Test - ****Finished Test : TC001_User_Registration****
✅ Test Passed: successful_user_registration<br>
📌 Status of test execution is: PASSED<br>
📌 Status of test execution is: PASSED<br>]]></system-out>
    <system-err><![CDATA[Mar 18, 2025 4:11:15 PM org.openqa.selenium.devtools.CdpVersionFinder findNearestMatch
WARNING: Unable to find an exact match for CDP version 134, returning the closest version; found: 132; Please update to a Selenium version that supports CDP version 134
]]></system-err>
  </testcase>
  <testcase name="successful_login" classname="testCases.TC002_User_Authentication_Test" time="5.342">
    <system-out><![CDATA[✅ Test Case Run is completed
2025-03-18 16:11:41 [main] INFO  io.github.bonigarcia.wdm.WebDriverManager - Using chromedriver 134.0.6998.88 (resolved driver for Chrome 134)
2025-03-18 16:11:41 [main] INFO  io.github.bonigarcia.wdm.WebDriverManager - Exporting webdriver.chrome.driver as C:\Users\Wisdom.Erhabho\.cache\selenium\chromedriver\win64\134.0.6998.88\chromedriver.exe
🟢 Test Started: successful_login<br>
2025-03-18 16:11:47 [main] INFO  testCases.TC002_User_Authentication_Test - ****Starting Test : TC001_User_Authentication****
2025-03-18 16:11:49 [main] INFO  testCases.TC002_User_Authentication_Test - 🔹 Clicked on Login link
2025-03-18 16:11:49 [main] INFO  testCases.TC002_User_Authentication_Test - 🔹 Clicked on Login button
2025-03-18 16:11:52 [main] INFO  testCases.TC002_User_Authentication_Test - Successful login status : true
✅ Test Passed: successful_login<br>
📌 Status of test execution is: PASSED<br>
📌 Status of test execution is: PASSED<br>]]></system-out>
    <system-err><![CDATA[Mar 18, 2025 4:11:43 PM org.openqa.selenium.devtools.CdpVersionFinder findNearestMatch
WARNING: Unable to find an exact match for CDP version 134, returning the closest version; found: 132; Please update to a Selenium version that supports CDP version 134
]]></system-err>
  </testcase>
</testsuite>