<?xml version="1.0" encoding="UTF-8"?>
<testng-results ignored="0" total="1" passed="1" failed="0" skipped="0">
  <reporter-output>
    <line>
      <![CDATA[🚀 Test Suite Started: Test(failed)<br>]]>
    </line>
    <line>
      <![CDATA[🟢 Test Started: successful_login<br>]]>
    </line>
    <line>
      <![CDATA[✅ Test Passed: successful_login<br>]]>
    </line>
    <line>
      <![CDATA[📌 Status of test execution is: PASSED<br>]]>
    </line>
  </reporter-output>
  <suite started-at="2025-03-18T13:03:43 WAT" name="Failed suite [OpenCart Test Suite]" finished-at="2025-03-18T13:04:07 WAT" duration-ms="23938">
    <groups>
      <group name="Master">
        <method signature="TC002_User_Authentication.successful_login()[pri:0, instance:testCases.TC002_User_Authentication@5f9678e1]" name="successful_login" class="testCases.TC002_User_Authentication"/>
      </group> <!-- Master -->
      <group name="Sanity">
        <method signature="TC002_User_Authentication.successful_login()[pri:0, instance:testCases.TC002_User_Authentication@5f9678e1]" name="successful_login" class="testCases.TC002_User_Authentication"/>
      </group> <!-- Sanity -->
    </groups>
    <test started-at="2025-03-18T13:03:43 WAT" name="Test(failed)" finished-at="2025-03-18T13:04:07 WAT" duration-ms="23938">
      <class name="testCases.TC002_User_Authentication">
        <test-method is-config="true" signature="setup(java.lang.String,java.lang.String)[pri:0, instance:testCases.TC002_User_Authentication@5f9678e1]" started-at="2025-03-18T13:03:43 WAT" name="setup" finished-at="2025-03-18T13:03:59 WAT" duration-ms="16187" status="PASS">
          <params>
            <param index="0">
              <value>
                <![CDATA[Windows]]>
              </value>
            </param>
            <param index="1">
              <value>
                <![CDATA[chrome]]>
              </value>
            </param>
          </params>
          <reporter-output>
          </reporter-output>
        </test-method> <!-- setup -->
        <test-method signature="successful_login()[pri:0, instance:testCases.TC002_User_Authentication@5f9678e1]" started-at="2025-03-18T13:03:59 WAT" name="successful_login" finished-at="2025-03-18T13:04:04 WAT" duration-ms="4940" status="PASS">
          <reporter-output>
            <line>
              <![CDATA[🟢 Test Started: successful_login<br>]]>
            </line>
            <line>
              <![CDATA[✅ Test Passed: successful_login<br>]]>
            </line>
            <line>
              <![CDATA[📌 Status of test execution is: PASSED<br>]]>
            </line>
          </reporter-output>
        </test-method> <!-- successful_login -->
        <test-method is-config="true" signature="teardown()[pri:0, instance:testCases.TC002_User_Authentication@5f9678e1]" started-at="2025-03-18T13:04:04 WAT" name="teardown" finished-at="2025-03-18T13:04:07 WAT" duration-ms="2476" status="PASS">
          <reporter-output>
          </reporter-output>
        </test-method> <!-- teardown -->
      </class> <!-- testCases.TC002_User_Authentication -->
    </test> <!-- Test(failed) -->
  </suite> <!-- Failed suite [OpenCart Test Suite] -->
</testng-results>
