<?xml version="1.0" encoding="UTF-8"?>
<!-- Generated by org.testng.reporters.JUnitReportReporter -->
<testsuite hostname="ISW-250217-OEDF" failures="0" tests="1" name="testCases.TC002_User_Authentication" time="4.940" errors="0" timestamp="2025-03-18T13:04:10 WAT" skipped="0">
  <testcase classname="testCases.TC002_User_Authentication" name="successful_login" time="4.940">
    <system-out>
      <![CDATA[🟢 Test Started: successful_login<br>
✅ Test Passed: successful_login<br>
📌 Status of test execution is: PASSED<br>]]>
    </system-out>
  </testcase> <!-- successful_login -->
  <system-out>
    <![CDATA[🚀 Test Suite Started: Test(failed)<br>
🟢 Test Started: successful_login<br>
✅ Test Passed: successful_login<br>
📌 Status of test execution is: PASSED<br>]]>
  </system-out>
</testsuite> <!-- testCases.TC002_User_Authentication -->
