<?xml version="1.0" encoding="UTF-8"?>
<!-- Generated by org.testng.reporters.JUnitReportReporter -->
<testsuite hostname="ISW-250217-OEDF" failures="0" tests="1" name="testCases.TC002_User_Authentication_Test" time="6.025" errors="0" timestamp="2025-03-23T00:52:27 WAT" skipped="0">
  <testcase classname="testCases.TC002_User_Authentication_Test" name="successful_login" time="6.025">
    <system-out>
      <![CDATA[🟢 Test Started: successful_login<br>
✅ Test Passed: successful_login<br>
📌 Status of test execution is: PASSED<br>]]>
    </system-out>
  </testcase> <!-- successful_login -->
  <system-out>
    <![CDATA[🚀 Test Suite Started: Test<br>
🟢 Test Started: successful_user_registration<br>
✅ Test Passed: successful_user_registration<br>
📌 Status of test execution is: PASSED<br>
🟢 Test Started: successful_login<br>
✅ Test Passed: successful_login<br>
📌 Status of test execution is: PASSED<br>]]>
  </system-out>
</testsuite> <!-- testCases.TC002_User_Authentication_Test -->
