<?xml version="1.0" encoding="UTF-8"?>
<!-- Generated by org.testng.reporters.JUnitReportReporter -->
<testsuite hostname="ISW-250217-OEDF" failures="0" tests="1" name="testCases.TC001_User_Registration_Test" time="7.947" errors="0" timestamp="2025-03-19T10:44:09 WAT" skipped="0">
  <testcase classname="testCases.TC001_User_Registration_Test" name="successful_user_registration" time="7.947">
    <system-out>
      <![CDATA[🟢 Test Started: successful_user_registration<br>
✅ Test Passed: successful_user_registration<br>
📌 Status of test execution is: PASSED<br>]]>
    </system-out>
  </testcase> <!-- successful_user_registration -->
  <system-out>
    <![CDATA[🚀 Test Suite Started: Test<br>
🟢 Test Started: successful_user_registration<br>
✅ Test Passed: successful_user_registration<br>
📌 Status of test execution is: PASSED<br>
🟢 Test Started: successful_login<br>
✅ Test Passed: successful_login<br>
📌 Status of test execution is: PASSED<br>]]>
  </system-out>
</testsuite> <!-- testCases.TC001_User_Registration_Test -->
